[2017-09-30 16:55:26.019] [DEBUG] runninglog - back
[2017-09-30 16:55:27.716] [INFO] runninglog - 数据库连接成功
[2017-09-30 16:55:27.723] [INFO] runninglog - listening 3002
[2017-09-30 16:55:43.585] [ERROR] runninglog - { n: 1, nModified: 1, ok: 1 }
[2017-09-30 16:55:51.171] [ERROR] runninglog - { n: 1, nModified: 1, ok: 1 }
[2017-09-30 16:55:54.289] [ERROR] runninglog - { n: 1, nModified: 1, ok: 1 }
[2017-09-30 16:55:57.048] [ERROR] runninglog - { n: 1, nModified: 1, ok: 1 }
[2017-09-30 16:55:59.898] [ERROR] runninglog - { n: 1, nModified: 1, ok: 1 }
[2017-09-30 16:56:02.695] [ERROR] runninglog - { n: 1, nModified: 1, ok: 1 }
[2017-09-30 16:56:05.539] [ERROR] runninglog - { n: 1, nModified: 1, ok: 1 }
[2017-09-30 16:56:27.046] [ERROR] runninglog - CommandResult {
  result: { n: 2, ok: 1 },
  connection: 
   Connection {
     domain: null,
     _events: 
      { close: [Object],
        error: [Object],
        timeout: [Object],
        parseError: [Object] },
     _eventsCount: 4,
     _maxListeners: undefined,
     options: 
      { host: 'localhost',
        port: 27017,
        size: 5,
        connectionTimeout: 30000,
        socketTimeout: 360000,
        keepAlive: true,
        keepAliveInitialDelay: 300000,
        noDelay: true,
        ssl: false,
        checkServerIdentity: true,
        ca: null,
        crl: null,
        cert: null,
        key: null,
        passPhrase: null,
        rejectUnauthorized: false,
        promoteLongs: true,
        promoteValues: true,
        promoteBuffers: false,
        reconnect: true,
        reconnectInterval: 1000,
        reconnectTries: 30,
        domainsEnabled: false,
        disconnectHandler: [Object],
        cursorFactory: [Object],
        emitError: true,
        socketOptions: {},
        clientInfo: [Object],
        readPreference: [Object],
        promiseLibrary: [Function: Promise],
        bson: BSON {} },
     id: 1,
     logger: Logger { className: 'Connection' },
     bson: BSON {},
     tag: undefined,
     messageHandler: [Function],
     maxBsonMessageSize: 67108864,
     port: 27017,
     host: 'localhost',
     family: 4,
     keepAlive: true,
     keepAliveInitialDelay: 300000,
     noDelay: true,
     connectionTimeout: 30000,
     socketTimeout: 360000,
     destroyed: false,
     domainSocket: false,
     singleBufferSerializtion: true,
     serializationFunction: 'toBinUnified',
     ca: null,
     crl: null,
     cert: null,
     key: null,
     passphrase: null,
     ssl: false,
     rejectUnauthorized: false,
     checkServerIdentity: true,
     responseOptions: 
      { promoteLongs: true,
        promoteValues: true,
        promoteBuffers: false },
     flushing: false,
     queue: [],
     connection: 
      Socket {
        connecting: false,
        _hadError: false,
        _handle: [Object],
        _parent: null,
        _host: 'localhost',
        _readableState: [Object],
        readable: true,
        domain: null,
        _events: [Object],
        _eventsCount: 8,
        _maxListeners: undefined,
        _writableState: [Object],
        writable: true,
        allowHalfOpen: false,
        destroyed: false,
        _bytesDispatched: 1767,
        _sockname: null,
        _pendingData: null,
        _pendingEncoding: '',
        server: null,
        _server: null,
        _idleTimeout: 360000,
        _idleNext: [Object],
        _idlePrev: [Object],
        _idleStart: 60607,
        read: [Function],
        _consuming: true },
     writeStream: null,
     hashedName: '29bafad3b32b11dc7ce934204952515ea5984b3c',
     workItems: [],
     buffer: null,
     sizeOfMessage: 0,
     bytesRead: 0,
     stubBuffer: null },
  message: 
   Response {
     parsed: true,
     index: 60,
     raw: <Buffer 3c 00 00 00 52 1b 00 00 25 00 00 00 01 00 00 00 08 00 00 00 00 00 00 00 00 00 00 00 00 00 00 00 01 00 00 00 18 00 00 00 10 6e 00 02 00 00 00 01 6f 6b ... >,
     data: <Buffer 3c 00 00 00 52 1b 00 00 25 00 00 00 01 00 00 00 08 00 00 00 00 00 00 00 00 00 00 00 00 00 00 00 01 00 00 00 18 00 00 00 10 6e 00 02 00 00 00 01 6f 6b ... >,
     bson: BSON {},
     opts: 
      { promoteLongs: true,
        promoteValues: true,
        promoteBuffers: false },
     length: 60,
     requestId: 6994,
     responseTo: 37,
     responseFlags: 8,
     cursorId: Long { _bsontype: 'Long', low_: 0, high_: 0 },
     startingFrom: 0,
     numberReturned: 1,
     documents: [ [Object] ],
     cursorNotFound: false,
     queryFailure: false,
     shardConfigStale: false,
     awaitCapable: true,
     promoteLongs: true,
     promoteValues: true,
     promoteBuffers: false,
     hashedName: '29bafad3b32b11dc7ce934204952515ea5984b3c' } }
